<?xml version='1.0' encoding='UTF-8'?>
<testsuite hostname="Raitiss-Mac-mini.local" name="com.restoran.stock.test.StockServicesTest" tests="13" errors="0" failures="0" time="0.006">
                     <properties>
[...]
</properties>
                     <testcase classname="com.restoran.stock.test.StockServicesTest" name="getAllItems should return all items" time="0.001">
                                                 
                                               </testcase><testcase classname="com.restoran.stock.test.StockServicesTest" name="getItemsRunningOut should return all items" time="0.0">
                                                 
                                               </testcase><testcase classname="com.restoran.stock.test.StockServicesTest" name="getItemsRunningOut should return all food data-set if boundary is 100" time="0.0">
                                                 
                                               </testcase><testcase classname="com.restoran.stock.test.StockServicesTest" name="getItemsRunningOut should return empty data-set if boundary is -1" time="0.001">
                                                 
                                               </testcase><testcase classname="com.restoran.stock.test.StockServicesTest" name="addItem should add to data-set new item and return boolean value" time="0.0">
                                                 
                                               </testcase><testcase classname="com.restoran.stock.test.StockServicesTest" name="addItem should return false, if element with a such name already exist" time="0.0">
                                                 
                                               </testcase><testcase classname="com.restoran.stock.test.StockServicesTest" name="addItem should return 6 elements from data-set" time="0.0">
                                                 
                                               </testcase><testcase classname="com.restoran.stock.test.StockServicesTest" name="UpdateItemQuantity should update item within data-set to set quantity for 'knife' 19" time="0.002">
                                                 
                                               </testcase><testcase classname="com.restoran.stock.test.StockServicesTest" name="UpdateItemQuantity should return false, if element with a such name not exist" time="0.001">
                                                 
                                               </testcase><testcase classname="com.restoran.stock.test.StockServicesTest" name="UpdateItemQuantity should return 5 elements from data-set" time="0.0">
                                                 
                                               </testcase><testcase classname="com.restoran.stock.test.StockServicesTest" name="removeItem should change all data-set minus removed item and return boolean value if item exist" time="0.0">
                                                 
                                               </testcase><testcase classname="com.restoran.stock.test.StockServicesTest" name="removeItem should return false, if element with a such name not exist" time="0.0">
                                                 
                                               </testcase><testcase classname="com.restoran.stock.test.StockServicesTest" name="removeItem should return 4 elements from data-set" time="0.001">
                                                 
                                               </testcase>
                     <system-out></system-out>
                     <system-err></system-err>
                   </testsuite>